<?xml version="1.0" encoding="UTF-8"?>
<!-- Generated by org.testng.reporters.JUnitXMLReporter -->
<testsuite ignored="0" hostname="DESKTOP-QUDC6GG" failures="1" tests="1" name="BookingTest" time="43.189" errors="0" timestamp="29 июн. 2020 20:28:15 GMT">
  <testcase classname="com.phptravels.bookingtest.BookingTest" name="bookingTest" time="35.65">
    <failure type="org.openqa.selenium.TimeoutException" message="Expected condition failed: waiting for visibility of element located by By.cssSelector: .text-align-left (tried for 30 second(s) with 500 milliseconds interval)">
      <![CDATA[org.openqa.selenium.TimeoutException: Expected condition failed: waiting for visibility of element located by By.cssSelector: .text-align-left (tried for 30 second(s) with 500 milliseconds interval)
at org.openqa.selenium.support.ui.WebDriverWait.timeoutException(WebDriverWait.java:113)
at org.openqa.selenium.support.ui.FluentWait.until(FluentWait.java:283)
at com.phptravels.pages.BasePageObject.waitFor(BasePageObject.java:38)
at com.phptravels.pages.BasePageObject.waitForVisibilityOf(BasePageObject.java:49)
at com.phptravels.pages.SecureAreaPage.waitForPageToLoad(SecureAreaPage.java:21)
at com.phptravels.bookingtest.BookingTest.bookingTest(BookingTest.java:23)
Caused by: org.openqa.selenium.NoSuchElementException: Cannot locate an element using By.cssSelector: .text-align-left
For documentation on this error, please visit: http://seleniumhq.org/exceptions/no_such_element.html
Build info: version: '3.14.0', revision: 'aacccce0', time: '2018-08-02T20:19:58.91Z'
System info: host: 'DESKTOP-QUDC6GG', ip: '192.168.1.8', os.name: 'Windows 10', os.arch: 'amd64', os.version: '10.0', java.version: '11.0.6'
Driver info: driver.version: unknown
at org.openqa.selenium.support.ui.ExpectedConditions.lambda$findElement$0(ExpectedConditions.java:896)
at java.base/java.util.Optional.orElseThrow(Optional.java:408)
at org.openqa.selenium.support.ui.ExpectedConditions.findElement(ExpectedConditions.java:895)
at org.openqa.selenium.support.ui.ExpectedConditions.access$000(ExpectedConditions.java:44)
at org.openqa.selenium.support.ui.ExpectedConditions$7.apply(ExpectedConditions.java:206)
at org.openqa.selenium.support.ui.ExpectedConditions$7.apply(ExpectedConditions.java:202)
at org.openqa.selenium.support.ui.FluentWait.until(FluentWait.java:260)
... 29 more
... Removed 25 stack frames]]>
    </failure>
  </testcase> <!-- bookingTest -->
</testsuite> <!-- BookingTest -->
